<?xml version="1.0" encoding="UTF-8"?>
<coverage generated="1514554178985" clover="3.2.0">
  <project timestamp="1514554178985" name="All files">
    <metrics statements="22" coveredstatements="18" conditionals="22" coveredconditionals="15" methods="8" coveredmethods="7" elements="52" coveredelements="40" complexity="0" loc="22" ncloc="22" packages="1" files="2" classes="2">
      <file name="AdaptiveProgressBar.js" path="/home/luca/Documents/projects/react-adaptive-progress-bar/src/AdaptiveProgressBar.js">
        <metrics statements="18" coveredstatements="18" conditionals="18" coveredconditionals="15" methods="7" coveredmethods="7"/>
        <line num="12" count="2" type="stmt"/>
        <line num="14" count="2" type="cond" truecount="2" falsecount="2"/>
        <line num="15" count="2" type="cond" truecount="1" falsecount="1"/>
        <line num="16" count="2" type="stmt"/>
        <line num="20" count="2" type="stmt"/>
        <line num="24" count="2" type="stmt"/>
        <line num="28" count="2" type="cond" truecount="1" falsecount="0"/>
        <line num="29" count="2" type="cond" truecount="1" falsecount="0"/>
        <line num="30" count="2" type="cond" truecount="2" falsecount="0"/>
        <line num="31" count="2" type="cond" truecount="4" falsecount="0"/>
        <line num="34" count="2" type="stmt"/>
        <line num="37" count="2" type="cond" truecount="2" falsecount="0"/>
        <line num="42" count="2" type="stmt"/>
        <line num="46" count="2" type="stmt"/>
        <line num="47" count="2" type="stmt"/>
        <line num="53" count="2" type="stmt"/>
        <line num="58" count="2" type="stmt"/>
        <line num="70" count="2" type="stmt"/>
      </file>
      <file name="index.js" path="/home/luca/Documents/projects/react-adaptive-progress-bar/src/index.js">
        <metrics statements="4" coveredstatements="0" conditionals="4" coveredconditionals="0" methods="1" coveredmethods="0"/>
        <line num="1" count="0" type="stmt"/>
        <line num="2" count="0" type="stmt"/>
        <line num="3" count="0" type="cond" truecount="0" falsecount="4"/>
        <line num="5" count="0" type="stmt"/>
      </file>
    </metrics>
  </project>
</coverage>
