{"/home/luca/Documents/projects/react-adaptive-progress-bar/src/AdaptiveProgressBar.js": {"path":"/home/luca/Documents/projects/react-adaptive-progress-bar/src/AdaptiveProgressBar.js","statementMap":{"0":{"start":{"line":12,"column":32},"end":{"line":18,"column":9}},"1":{"start":{"line":14,"column":16},"end":{"line":14,"column":66}},"2":{"start":{"line":15,"column":16},"end":{"line":15,"column":63}},"3":{"start":{"line":16,"column":16},"end":{"line":16,"column":40}},"4":{"start":{"line":20,"column":8},"end":{"line":20,"column":31}},"5":{"start":{"line":24,"column":8},"end":{"line":24,"column":85}},"6":{"start":{"line":24,"column":51},"end":{"line":24,"column":73}},"7":{"start":{"line":28,"column":37},"end":{"line":28,"column":47}},"8":{"start":{"line":29,"column":33},"end":{"line":29,"column":43}},"9":{"start":{"line":30,"column":71},"end":{"line":30,"column":81}},"10":{"start":{"line":31,"column":114},"end":{"line":31,"column":124}},"11":{"start":{"line":34,"column":32},"end":{"line":34,"column":70}},"12":{"start":{"line":37,"column":27},"end":{"line":39,"column":18}},"13":{"start":{"line":42,"column":28},"end":{"line":44,"column":9}},"14":{"start":{"line":46,"column":27},"end":{"line":51,"column":9}},"15":{"start":{"line":47,"column":12},"end":{"line":50,"column":14}},"16":{"start":{"line":53,"column":27},"end":{"line":55,"column":9}},"17":{"start":{"line":58,"column":8},"end":{"line":74,"column":10}},"18":{"start":{"line":70,"column":24},"end":{"line":70,"column":80}}},"fnMap":{"0":{"name":"(anonymous_0)","decl":{"start":{"line":11,"column":4},"end":{"line":11,"column":5}},"loc":{"start":{"line":11,"column":44},"end":{"line":21,"column":5}},"line":11},"1":{"name":"(anonymous_1)","decl":{"start":{"line":13,"column":12},"end":{"line":13,"column":13}},"loc":{"start":{"line":13,"column":34},"end":{"line":17,"column":13}},"line":13},"2":{"name":"(anonymous_2)","decl":{"start":{"line":23,"column":4},"end":{"line":23,"column":5}},"loc":{"start":{"line":23,"column":41},"end":{"line":25,"column":5}},"line":23},"3":{"name":"(anonymous_3)","decl":{"start":{"line":24,"column":37},"end":{"line":24,"column":38}},"loc":{"start":{"line":24,"column":51},"end":{"line":24,"column":73}},"line":24},"4":{"name":"(anonymous_4)","decl":{"start":{"line":27,"column":4},"end":{"line":27,"column":5}},"loc":{"start":{"line":27,"column":13},"end":{"line":75,"column":5}},"line":27},"5":{"name":"(anonymous_5)","decl":{"start":{"line":46,"column":27},"end":{"line":46,"column":28}},"loc":{"start":{"line":46,"column":41},"end":{"line":51,"column":9}},"line":46},"6":{"name":"(anonymous_6)","decl":{"start":{"line":69,"column":41},"end":{"line":69,"column":42}},"loc":{"start":{"line":70,"column":24},"end":{"line":70,"column":80}},"line":70}},"branchMap":{"0":{"loc":{"start":{"line":14,"column":24},"end":{"line":14,"column":65}},"type":"cond-expr","locations":[{"start":{"line":14,"column":38},"end":{"line":14,"column":41}},{"start":{"line":14,"column":44},"end":{"line":14,"column":65}}],"line":14},"1":{"loc":{"start":{"line":14,"column":44},"end":{"line":14,"column":65}},"type":"cond-expr","locations":[{"start":{"line":14,"column":56},"end":{"line":14,"column":57}},{"start":{"line":14,"column":60},"end":{"line":14,"column":65}}],"line":14},"2":{"loc":{"start":{"line":15,"column":24},"end":{"line":15,"column":62}},"type":"binary-expr","locations":[{"start":{"line":15,"column":24},"end":{"line":15,"column":29}},{"start":{"line":15,"column":33},"end":{"line":15,"column":62}}],"line":15},"3":{"loc":{"start":{"line":28,"column":16},"end":{"line":28,"column":32}},"type":"default-arg","locations":[{"start":{"line":28,"column":30},"end":{"line":28,"column":32}}],"line":28},"4":{"loc":{"start":{"line":29,"column":16},"end":{"line":29,"column":28}},"type":"default-arg","locations":[{"start":{"line":29,"column":23},"end":{"line":29,"column":28}}],"line":29},"5":{"loc":{"start":{"line":30,"column":24},"end":{"line":30,"column":66}},"type":"default-arg","locations":[{"start":{"line":30,"column":61},"end":{"line":30,"column":66}}],"line":30},"6":{"loc":{"start":{"line":30,"column":35},"end":{"line":30,"column":56}},"type":"default-arg","locations":[{"start":{"line":30,"column":51},"end":{"line":30,"column":56}}],"line":30},"7":{"loc":{"start":{"line":31,"column":25},"end":{"line":31,"column":109}},"type":"default-arg","locations":[{"start":{"line":31,"column":104},"end":{"line":31,"column":109}}],"line":31},"8":{"loc":{"start":{"line":31,"column":27},"end":{"line":31,"column":46}},"type":"default-arg","locations":[{"start":{"line":31,"column":41},"end":{"line":31,"column":46}}],"line":31},"9":{"loc":{"start":{"line":31,"column":48},"end":{"line":31,"column":77}},"type":"default-arg","locations":[{"start":{"line":31,"column":64},"end":{"line":31,"column":77}}],"line":31},"10":{"loc":{"start":{"line":31,"column":79},"end":{"line":31,"column":99}},"type":"default-arg","locations":[{"start":{"line":31,"column":92},"end":{"line":31,"column":99}}],"line":31},"11":{"loc":{"start":{"line":37,"column":27},"end":{"line":39,"column":18}},"type":"cond-expr","locations":[{"start":{"line":38,"column":14},"end":{"line":38,"column":49}},{"start":{"line":39,"column":14},"end":{"line":39,"column":18}}],"line":37},"12":{"loc":{"start":{"line":63,"column":17},"end":{"line":67,"column":17}},"type":"binary-expr","locations":[{"start":{"line":63,"column":17},"end":{"line":63,"column":27}},{"start":{"line":64,"column":20},"end":{"line":66,"column":26}}],"line":63}},"s":{"0":7,"1":5,"2":5,"3":5,"4":7,"5":2,"6":2,"7":7,"8":7,"9":7,"10":7,"11":7,"12":7,"13":7,"14":7,"15":5,"16":7,"17":7,"18":5},"f":{"0":7,"1":5,"2":2,"3":2,"4":7,"5":5,"6":5},"b":{"0":[0,5],"1":[0,5],"2":[5,0],"3":[3],"4":[5],"5":[5],"6":[5],"7":[5],"8":[5],"9":[5],"10":[5],"11":[2,5],"12":[7,1]},"_coverageSchema":"332fd63041d2c1bcb487cc26dd0d5f7d97098a6c","hash":"81dd8961d87c9a6242d904c09e4ca100ba787025"}
,"/home/luca/Documents/projects/react-adaptive-progress-bar/src/index.js": {"path":"/home/luca/Documents/projects/react-adaptive-progress-bar/src/index.js","statementMap":{"0":{"start":{"line":1,"column":32},"end":{"line":1,"column":104}},"1":{"start":{"line":1,"column":118},"end":{"line":1,"column":134}},"2":{"start":{"line":1,"column":149},"end":{"line":1,"column":179}},"3":{"start":{"line":2,"column":16},"end":{"line":2,"column":36}},"4":{"start":{"line":3,"column":27},"end":{"line":3,"column":59}},"5":{"start":{"line":3,"column":88},"end":{"line":3,"column":132}},"6":{"start":{"line":3,"column":171},"end":{"line":3,"column":225}},"7":{"start":{"line":5,"column":0},"end":{"line":21,"column":32}}},"fnMap":{"0":{"name":"_interopRequireDefault","decl":{"start":{"line":3,"column":142},"end":{"line":3,"column":164}},"loc":{"start":{"line":3,"column":170},"end":{"line":3,"column":226}},"line":3}},"branchMap":{"0":{"loc":{"start":{"line":3,"column":178},"end":{"line":3,"column":224}},"type":"cond-expr","locations":[{"start":{"line":3,"column":202},"end":{"line":3,"column":205}},{"start":{"line":3,"column":208},"end":{"line":3,"column":224}}],"line":3},"1":{"loc":{"start":{"line":3,"column":178},"end":{"line":3,"column":199}},"type":"binary-expr","locations":[{"start":{"line":3,"column":178},"end":{"line":3,"column":181}},{"start":{"line":3,"column":185},"end":{"line":3,"column":199}}],"line":3}},"s":{"0":0,"1":0,"2":0,"3":0,"4":0,"5":0,"6":0,"7":0},"f":{"0":0},"b":{"0":[0,0],"1":[0,0]}}
}
