TN:
SF:/home/luca/Documents/projects/react-adaptive-progress-bar/src/AdaptiveProgressBar.js
FN:11,(anonymous_0)
FN:13,(anonymous_1)
FN:23,(anonymous_2)
FN:24,(anonymous_3)
FN:27,(anonymous_4)
FN:46,(anonymous_5)
FN:69,(anonymous_6)
FNF:7
FNH:7
FNDA:7,(anonymous_0)
FNDA:5,(anonymous_1)
FNDA:2,(anonymous_2)
FNDA:2,(anonymous_3)
FNDA:7,(anonymous_4)
FNDA:5,(anonymous_5)
FNDA:5,(anonymous_6)
DA:12,7
DA:14,5
DA:15,5
DA:16,5
DA:20,7
DA:24,2
DA:28,7
DA:29,7
DA:30,7
DA:31,7
DA:34,7
DA:37,7
DA:42,7
DA:46,7
DA:47,5
DA:53,7
DA:58,7
DA:70,5
LF:18
LH:18
BRDA:14,0,0,0
BRDA:14,0,1,5
BRDA:14,1,0,0
BRDA:14,1,1,5
BRDA:15,2,0,5
BRDA:15,2,1,0
BRDA:28,3,0,3
BRDA:29,4,0,5
BRDA:30,5,0,5
BRDA:30,6,0,5
BRDA:31,7,0,5
BRDA:31,8,0,5
BRDA:31,9,0,5
BRDA:31,10,0,5
BRDA:37,11,0,2
BRDA:37,11,1,5
BRDA:63,12,0,7
BRDA:63,12,1,1
BRF:18
BRH:15
end_of_record
TN:
SF:/home/luca/Documents/projects/react-adaptive-progress-bar/src/index.js
FN:3,_interopRequireDefault
FNF:1
FNH:0
FNDA:0,_interopRequireDefault
DA:1,0
DA:2,0
DA:3,0
DA:5,0
LF:4
LH:0
BRDA:3,0,0,0
BRDA:3,0,1,0
BRDA:3,1,0,0
BRDA:3,1,1,0
BRF:4
BRH:0
end_of_record
